\BOOKMARK [0][-]{chapter.1}{\376\377\0001\000\040\000\315\000n\000d\000i\000c\000e\000\040\000H\000i\000e\000r\000\341\000r\000q\000u\000i\000c\000o}{}% 1
\BOOKMARK [1][-]{section.1.1}{\376\377\0001\000.\0001\000\040\000H\000i\000e\000r\000a\000r\000q\000u\000i\000a\000\040\000d\000e\000\040\000C\000l\000a\000s\000s\000e\000s}{chapter.1}% 2
\BOOKMARK [0][-]{chapter.2}{\376\377\0002\000\040\000\315\000n\000d\000i\000c\000e\000\040\000d\000o\000s\000\040\000C\000o\000m\000p\000o\000n\000e\000n\000t\000e\000s}{}% 3
\BOOKMARK [1][-]{section.2.1}{\376\377\0002\000.\0001\000\040\000L\000i\000s\000t\000a\000\040\000d\000e\000\040\000C\000l\000a\000s\000s\000e\000s}{chapter.2}% 4
\BOOKMARK [0][-]{chapter.3}{\376\377\0003\000\040\000\315\000n\000d\000i\000c\000e\000\040\000d\000o\000s\000\040\000A\000r\000q\000u\000i\000v\000o\000s}{}% 5
\BOOKMARK [1][-]{section.3.1}{\376\377\0003\000.\0001\000\040\000L\000i\000s\000t\000a\000\040\000d\000e\000\040\000A\000r\000q\000u\000i\000v\000o\000s}{chapter.3}% 6
\BOOKMARK [0][-]{chapter.4}{\376\377\0004\000\040\000C\000l\000a\000s\000s\000e\000s}{}% 7
\BOOKMARK [1][-]{section.4.1}{\376\377\0004\000.\0001\000\040\000R\000e\000f\000e\000r\000\352\000n\000c\000i\000a\000\040\000d\000a\000\040\000C\000l\000a\000s\000s\000e\000\040\000B\000i\000s\000p\000o}{chapter.4}% 8
\BOOKMARK [2][-]{subsection.4.1.1}{\376\377\0004\000.\0001\000.\0001\000\040\000D\000e\000s\000c\000r\000i\000\347\000\343\000o\000\040\000d\000e\000t\000a\000l\000h\000a\000d\000a}{section.4.1}% 9
\BOOKMARK [2][-]{subsection.4.1.2}{\376\377\0004\000.\0001\000.\0002\000\040\000C\000o\000n\000s\000t\000r\000u\000t\000o\000r\000e\000s\000\040\000e\000\040\000D\000e\000s\000t\000r\000u\000t\000o\000r\000e\000s}{section.4.1}% 10
\BOOKMARK [3][-]{subsubsection.4.1.2.1}{\376\377\0004\000.\0001\000.\0002\000.\0001\000\040\000B\000i\000s\000p\000o\000\050\000\051}{subsection.4.1.2}% 11
\BOOKMARK [3][-]{subsubsection.4.1.2.2}{\376\377\0004\000.\0001\000.\0002\000.\0002\000\040\000\040\000B\000i\000s\000p\000o\000\050\000\051}{subsection.4.1.2}% 12
\BOOKMARK [2][-]{subsection.4.1.3}{\376\377\0004\000.\0001\000.\0003\000\040\000F\000u\000n\000\347\000\365\000e\000s\000\040\000m\000e\000m\000b\000r\000o\000s}{section.4.1}% 13
\BOOKMARK [3][-]{subsubsection.4.1.3.1}{\376\377\0004\000.\0001\000.\0003\000.\0001\000\040\000g\000e\000t\000\137\000r\000e\000p\000r\000e\000s\000e\000n\000t\000a\000c\000a\000o\000\050\000\051}{subsection.4.1.3}% 14
\BOOKMARK [1][-]{section.4.2}{\376\377\0004\000.\0002\000\040\000R\000e\000f\000e\000r\000\352\000n\000c\000i\000a\000\040\000d\000a\000\040\000C\000l\000a\000s\000s\000e\000\040\000C\000a\000v\000a\000l\000o}{chapter.4}% 15
\BOOKMARK [2][-]{subsection.4.2.1}{\376\377\0004\000.\0002\000.\0001\000\040\000D\000e\000s\000c\000r\000i\000\347\000\343\000o\000\040\000d\000e\000t\000a\000l\000h\000a\000d\000a}{section.4.2}% 16
\BOOKMARK [2][-]{subsection.4.2.2}{\376\377\0004\000.\0002\000.\0002\000\040\000C\000o\000n\000s\000t\000r\000u\000t\000o\000r\000e\000s\000\040\000e\000\040\000D\000e\000s\000t\000r\000u\000t\000o\000r\000e\000s}{section.4.2}% 17
\BOOKMARK [3][-]{subsubsection.4.2.2.1}{\376\377\0004\000.\0002\000.\0002\000.\0001\000\040\000C\000a\000v\000a\000l\000o\000\050\000\051}{subsection.4.2.2}% 18
\BOOKMARK [3][-]{subsubsection.4.2.2.2}{\376\377\0004\000.\0002\000.\0002\000.\0002\000\040\000\040\000C\000a\000v\000a\000l\000o\000\050\000\051}{subsection.4.2.2}% 19
\BOOKMARK [2][-]{subsection.4.2.3}{\376\377\0004\000.\0002\000.\0003\000\040\000F\000u\000n\000\347\000\365\000e\000s\000\040\000m\000e\000m\000b\000r\000o\000s}{section.4.2}% 20
\BOOKMARK [3][-]{subsubsection.4.2.3.1}{\376\377\0004\000.\0002\000.\0003\000.\0001\000\040\000g\000e\000t\000\137\000r\000e\000p\000r\000e\000s\000e\000n\000t\000a\000c\000a\000o\000\050\000\051}{subsection.4.2.3}% 21
\BOOKMARK [1][-]{section.4.3}{\376\377\0004\000.\0003\000\040\000R\000e\000f\000e\000r\000\352\000n\000c\000i\000a\000\040\000d\000a\000\040\000C\000l\000a\000s\000s\000e\000\040\000D\000a\000m\000a}{chapter.4}% 22
\BOOKMARK [2][-]{subsection.4.3.1}{\376\377\0004\000.\0003\000.\0001\000\040\000D\000e\000s\000c\000r\000i\000\347\000\343\000o\000\040\000d\000e\000t\000a\000l\000h\000a\000d\000a}{section.4.3}% 23
\BOOKMARK [2][-]{subsection.4.3.2}{\376\377\0004\000.\0003\000.\0002\000\040\000C\000o\000n\000s\000t\000r\000u\000t\000o\000r\000e\000s\000\040\000e\000\040\000D\000e\000s\000t\000r\000u\000t\000o\000r\000e\000s}{section.4.3}% 24
\BOOKMARK [3][-]{subsubsection.4.3.2.1}{\376\377\0004\000.\0003\000.\0002\000.\0001\000\040\000D\000a\000m\000a\000\050\000\051}{subsection.4.3.2}% 25
\BOOKMARK [3][-]{subsubsection.4.3.2.2}{\376\377\0004\000.\0003\000.\0002\000.\0002\000\040\000\040\000D\000a\000m\000a\000\050\000\051}{subsection.4.3.2}% 26
\BOOKMARK [2][-]{subsection.4.3.3}{\376\377\0004\000.\0003\000.\0003\000\040\000F\000u\000n\000\347\000\365\000e\000s\000\040\000m\000e\000m\000b\000r\000o\000s}{section.4.3}% 27
\BOOKMARK [3][-]{subsubsection.4.3.3.1}{\376\377\0004\000.\0003\000.\0003\000.\0001\000\040\000g\000e\000t\000\137\000r\000e\000p\000r\000e\000s\000e\000n\000t\000a\000c\000a\000o\000\050\000\051}{subsection.4.3.3}% 28
\BOOKMARK [1][-]{section.4.4}{\376\377\0004\000.\0004\000\040\000R\000e\000f\000e\000r\000\352\000n\000c\000i\000a\000\040\000d\000a\000\040\000C\000l\000a\000s\000s\000e\000\040\000E\000r\000r\000o\000A\000o\000A\000b\000r\000i\000r\000E\000x\000c\000e\000p\000t\000i\000o\000n}{chapter.4}% 29
\BOOKMARK [2][-]{subsection.4.4.1}{\376\377\0004\000.\0004\000.\0001\000\040\000F\000u\000n\000\347\000\365\000e\000s\000\040\000m\000e\000m\000b\000r\000o\000s}{section.4.4}% 30
\BOOKMARK [3][-]{subsubsection.4.4.1.1}{\376\377\0004\000.\0004\000.\0001\000.\0001\000\040\000w\000h\000a\000t\000\050\000\051}{subsection.4.4.1}% 31
\BOOKMARK [1][-]{section.4.5}{\376\377\0004\000.\0005\000\040\000R\000e\000f\000e\000r\000\352\000n\000c\000i\000a\000\040\000d\000a\000\040\000C\000l\000a\000s\000s\000e\000\040\000E\000r\000r\000o\000A\000o\000F\000e\000c\000h\000a\000r\000E\000x\000c\000e\000p\000t\000i\000o\000n}{chapter.4}% 32
\BOOKMARK [2][-]{subsection.4.5.1}{\376\377\0004\000.\0005\000.\0001\000\040\000F\000u\000n\000\347\000\365\000e\000s\000\040\000m\000e\000m\000b\000r\000o\000s}{section.4.5}% 33
\BOOKMARK [3][-]{subsubsection.4.5.1.1}{\376\377\0004\000.\0005\000.\0001\000.\0001\000\040\000w\000h\000a\000t\000\050\000\051}{subsection.4.5.1}% 34
\BOOKMARK [1][-]{section.4.6}{\376\377\0004\000.\0006\000\040\000R\000e\000f\000e\000r\000\352\000n\000c\000i\000a\000\040\000d\000a\000\040\000C\000l\000a\000s\000s\000e\000\040\000E\000r\000r\000o\000D\000e\000J\000o\000g\000o\000E\000x\000c\000e\000p\000t\000i\000o\000n}{chapter.4}% 35
\BOOKMARK [2][-]{subsection.4.6.1}{\376\377\0004\000.\0006\000.\0001\000\040\000F\000u\000n\000\347\000\365\000e\000s\000\040\000m\000e\000m\000b\000r\000o\000s}{section.4.6}% 36
\BOOKMARK [3][-]{subsubsection.4.6.1.1}{\376\377\0004\000.\0006\000.\0001\000.\0001\000\040\000w\000h\000a\000t\000\050\000\051}{subsection.4.6.1}% 37
\BOOKMARK [1][-]{section.4.7}{\376\377\0004\000.\0007\000\040\000R\000e\000f\000e\000r\000\352\000n\000c\000i\000a\000\040\000d\000a\000\040\000C\000l\000a\000s\000s\000e\000\040\000E\000r\000r\000o\000D\000e\000L\000o\000g\000i\000c\000a\000E\000x\000c\000e\000p\000t\000i\000o\000n}{chapter.4}% 38
\BOOKMARK [2][-]{subsection.4.7.1}{\376\377\0004\000.\0007\000.\0001\000\040\000F\000u\000n\000\347\000\365\000e\000s\000\040\000m\000e\000m\000b\000r\000o\000s}{section.4.7}% 39
\BOOKMARK [3][-]{subsubsection.4.7.1.1}{\376\377\0004\000.\0007\000.\0001\000.\0001\000\040\000w\000h\000a\000t\000\050\000\051}{subsection.4.7.1}% 40
\BOOKMARK [1][-]{section.4.8}{\376\377\0004\000.\0008\000\040\000R\000e\000f\000e\000r\000\352\000n\000c\000i\000a\000\040\000d\000a\000\040\000C\000l\000a\000s\000s\000e\000\040\000E\000r\000r\000o\000D\000e\000R\000o\000q\000u\000e\000E\000x\000c\000e\000p\000t\000i\000o\000n}{chapter.4}% 41
\BOOKMARK [2][-]{subsection.4.8.1}{\376\377\0004\000.\0008\000.\0001\000\040\000F\000u\000n\000\347\000\365\000e\000s\000\040\000m\000e\000m\000b\000r\000o\000s}{section.4.8}% 42
\BOOKMARK [3][-]{subsubsection.4.8.1.1}{\376\377\0004\000.\0008\000.\0001\000.\0001\000\040\000w\000h\000a\000t\000\050\000\051}{subsection.4.8.1}% 43
\BOOKMARK [1][-]{section.4.9}{\376\377\0004\000.\0009\000\040\000R\000e\000f\000e\000r\000\352\000n\000c\000i\000a\000\040\000d\000a\000\040\000C\000l\000a\000s\000s\000e\000\040\000E\000r\000r\000o\000P\000g\000n\000E\000x\000c\000e\000p\000t\000i\000o\000n}{chapter.4}% 44
\BOOKMARK [2][-]{subsection.4.9.1}{\376\377\0004\000.\0009\000.\0001\000\040\000F\000u\000n\000\347\000\365\000e\000s\000\040\000m\000e\000m\000b\000r\000o\000s}{section.4.9}% 45
\BOOKMARK [3][-]{subsubsection.4.9.1.1}{\376\377\0004\000.\0009\000.\0001\000.\0001\000\040\000w\000h\000a\000t\000\050\000\051}{subsection.4.9.1}% 46
\BOOKMARK [1][-]{section.4.10}{\376\377\0004\000.\0001\0000\000\040\000R\000e\000f\000e\000r\000\352\000n\000c\000i\000a\000\040\000d\000a\000\040\000C\000l\000a\000s\000s\000e\000\040\000E\000s\000c\000r\000i\000t\000o\000r\000D\000e\000P\000g\000n}{chapter.4}% 47
\BOOKMARK [2][-]{subsection.4.10.1}{\376\377\0004\000.\0001\0000\000.\0001\000\040\000C\000o\000n\000s\000t\000r\000u\000t\000o\000r\000e\000s\000\040\000e\000\040\000D\000e\000s\000t\000r\000u\000t\000o\000r\000e\000s}{section.4.10}% 48
\BOOKMARK [3][-]{subsubsection.4.10.1.1}{\376\377\0004\000.\0001\0000\000.\0001\000.\0001\000\040\000E\000s\000c\000r\000i\000t\000o\000r\000D\000e\000P\000g\000n\000\050\000\051}{subsection.4.10.1}% 49
\BOOKMARK [3][-]{subsubsection.4.10.1.2}{\376\377\0004\000.\0001\0000\000.\0001\000.\0002\000\040\000\040\000E\000s\000c\000r\000i\000t\000o\000r\000D\000e\000P\000g\000n\000\050\000\051}{subsection.4.10.1}% 50
\BOOKMARK [2][-]{subsection.4.10.2}{\376\377\0004\000.\0001\0000\000.\0002\000\040\000F\000u\000n\000\347\000\365\000e\000s\000\040\000m\000e\000m\000b\000r\000o\000s}{section.4.10}% 51
\BOOKMARK [3][-]{subsubsection.4.10.2.1}{\376\377\0004\000.\0001\0000\000.\0002\000.\0001\000\040\000a\000b\000r\000e\000\137\000a\000r\000q\000u\000i\000v\000o\000\050\000\051}{subsection.4.10.2}% 52
\BOOKMARK [3][-]{subsubsection.4.10.2.2}{\376\377\0004\000.\0001\0000\000.\0002\000.\0002\000\040\000f\000e\000c\000h\000a\000\137\000a\000r\000q\000u\000i\000v\000o\000\050\000\051}{subsection.4.10.2}% 53
\BOOKMARK [1][-]{section.4.11}{\376\377\0004\000.\0001\0001\000\040\000R\000e\000f\000e\000r\000\352\000n\000c\000i\000a\000\040\000d\000a\000\040\000C\000l\000a\000s\000s\000e\000\040\000F\000o\000r\000a\000D\000o\000M\000a\000p\000a\000E\000x\000c\000e\000p\000t\000i\000o\000n}{chapter.4}% 54
\BOOKMARK [2][-]{subsection.4.11.1}{\376\377\0004\000.\0001\0001\000.\0001\000\040\000F\000u\000n\000\347\000\365\000e\000s\000\040\000m\000e\000m\000b\000r\000o\000s}{section.4.11}% 55
\BOOKMARK [3][-]{subsubsection.4.11.1.1}{\376\377\0004\000.\0001\0001\000.\0001\000.\0001\000\040\000w\000h\000a\000t\000\050\000\051}{subsection.4.11.1}% 56
\BOOKMARK [1][-]{section.4.12}{\376\377\0004\000.\0001\0002\000\040\000R\000e\000f\000e\000r\000\352\000n\000c\000i\000a\000\040\000d\000a\000\040\000C\000l\000a\000s\000s\000e\000\040\000J\000o\000g\000a\000d\000o\000r}{chapter.4}% 57
\BOOKMARK [2][-]{subsection.4.12.1}{\376\377\0004\000.\0001\0002\000.\0001\000\040\000C\000o\000n\000s\000t\000r\000u\000t\000o\000r\000e\000s\000\040\000e\000\040\000D\000e\000s\000t\000r\000u\000t\000o\000r\000e\000s}{section.4.12}% 58
\BOOKMARK [3][-]{subsubsection.4.12.1.1}{\376\377\0004\000.\0001\0002\000.\0001\000.\0001\000\040\000J\000o\000g\000a\000d\000o\000r\000\050\000\051}{subsection.4.12.1}% 59
\BOOKMARK [3][-]{subsubsection.4.12.1.2}{\376\377\0004\000.\0001\0002\000.\0001\000.\0002\000\040\000\040\000J\000o\000g\000a\000d\000o\000r\000\050\000\051}{subsection.4.12.1}% 60
\BOOKMARK [2][-]{subsection.4.12.2}{\376\377\0004\000.\0001\0002\000.\0002\000\040\000F\000u\000n\000\347\000\365\000e\000s\000\040\000m\000e\000m\000b\000r\000o\000s}{section.4.12}% 61
\BOOKMARK [3][-]{subsubsection.4.12.2.1}{\376\377\0004\000.\0001\0002\000.\0002\000.\0001\000\040\000a\000t\000u\000a\000l\000i\000z\000a\000\137\000p\000e\000c\000a\000s\000\050\000\051}{subsection.4.12.2}% 62
\BOOKMARK [3][-]{subsubsection.4.12.2.2}{\376\377\0004\000.\0001\0002\000.\0002\000.\0002\000\040\000c\000o\000n\000s\000t\000r\000o\000i\000\137\000p\000e\000c\000a\000s\000\050\000\051}{subsection.4.12.2}% 63
\BOOKMARK [3][-]{subsubsection.4.12.2.3}{\376\377\0004\000.\0001\0002\000.\0002\000.\0003\000\040\000g\000e\000t\000\137\000c\000o\000r\000\050\000\051}{subsection.4.12.2}% 64
\BOOKMARK [3][-]{subsubsection.4.12.2.4}{\376\377\0004\000.\0001\0002\000.\0002\000.\0004\000\040\000g\000e\000t\000\137\000p\000e\000c\000a\000s\000\050\000\051}{subsection.4.12.2}% 65
\BOOKMARK [3][-]{subsubsection.4.12.2.5}{\376\377\0004\000.\0001\0002\000.\0002\000.\0005\000\040\000i\000m\000p\000r\000i\000m\000e\000\050\000\051}{subsection.4.12.2}% 66
\BOOKMARK [3][-]{subsubsection.4.12.2.6}{\376\377\0004\000.\0001\0002\000.\0002\000.\0006\000\040\000z\000e\000r\000a\000\137\000p\000e\000c\000a\000s\000\050\000\051}{subsection.4.12.2}% 67
\BOOKMARK [1][-]{section.4.13}{\376\377\0004\000.\0001\0003\000\040\000R\000e\000f\000e\000r\000\352\000n\000c\000i\000a\000\040\000d\000a\000\040\000C\000l\000a\000s\000s\000e\000\040\000J\000o\000g\000o}{chapter.4}% 68
\BOOKMARK [2][-]{subsection.4.13.1}{\376\377\0004\000.\0001\0003\000.\0001\000\040\000D\000e\000s\000c\000r\000i\000\347\000\343\000o\000\040\000d\000e\000t\000a\000l\000h\000a\000d\000a}{section.4.13}% 69
\BOOKMARK [2][-]{subsection.4.13.2}{\376\377\0004\000.\0001\0003\000.\0002\000\040\000C\000o\000n\000s\000t\000r\000u\000t\000o\000r\000e\000s\000\040\000e\000\040\000D\000e\000s\000t\000r\000u\000t\000o\000r\000e\000s}{section.4.13}% 70
\BOOKMARK [3][-]{subsubsection.4.13.2.1}{\376\377\0004\000.\0001\0003\000.\0002\000.\0001\000\040\000J\000o\000g\000o\000\050\000\051}{subsection.4.13.2}% 71
\BOOKMARK [3][-]{subsubsection.4.13.2.2}{\376\377\0004\000.\0001\0003\000.\0002\000.\0002\000\040\000\040\000J\000o\000g\000o\000\050\000\051}{subsection.4.13.2}% 72
\BOOKMARK [2][-]{subsection.4.13.3}{\376\377\0004\000.\0001\0003\000.\0003\000\040\000F\000u\000n\000\347\000\365\000e\000s\000\040\000m\000e\000m\000b\000r\000o\000s}{section.4.13}% 73
\BOOKMARK [3][-]{subsubsection.4.13.3.1}{\376\377\0004\000.\0001\0003\000.\0003\000.\0001\000\040\000a\000t\000i\000v\000o\000\050\000\051}{subsection.4.13.3}% 74
\BOOKMARK [3][-]{subsubsection.4.13.3.2}{\376\377\0004\000.\0001\0003\000.\0003\000.\0002\000\040\000e\000n\000c\000e\000r\000r\000a\000r\000\050\000\051}{subsection.4.13.3}% 75
\BOOKMARK [3][-]{subsubsection.4.13.3.3}{\376\377\0004\000.\0001\0003\000.\0003\000.\0003\000\040\000i\000m\000p\000r\000i\000m\000e\000\050\000\051}{subsection.4.13.3}% 76
\BOOKMARK [3][-]{subsubsection.4.13.3.4}{\376\377\0004\000.\0001\0003\000.\0003\000.\0004\000\040\000j\000o\000g\000a\000d\000a\000\050\000\051}{subsection.4.13.3}% 77
\BOOKMARK [3][-]{subsubsection.4.13.3.5}{\376\377\0004\000.\0001\0003\000.\0003\000.\0005\000\040\000p\000r\000o\000c\000e\000s\000s\000a\000\137\000j\000o\000g\000a\000d\000a\000\050\000\051}{subsection.4.13.3}% 78
\BOOKMARK [3][-]{subsubsection.4.13.3.6}{\376\377\0004\000.\0001\0003\000.\0003\000.\0006\000\040\000p\000r\000o\000c\000e\000s\000s\000a\000\137\000t\000e\000r\000m\000i\000n\000a\000l\000\050\000\051}{subsection.4.13.3}% 79
\BOOKMARK [1][-]{section.4.14}{\376\377\0004\000.\0001\0004\000\040\000R\000e\000f\000e\000r\000\352\000n\000c\000i\000a\000\040\000d\000a\000\040\000C\000l\000a\000s\000s\000e\000\040\000L\000e\000i\000t\000o\000r\000D\000e\000P\000g\000n}{chapter.4}% 80
\BOOKMARK [2][-]{subsection.4.14.1}{\376\377\0004\000.\0001\0004\000.\0001\000\040\000C\000o\000n\000s\000t\000r\000u\000t\000o\000r\000e\000s\000\040\000e\000\040\000D\000e\000s\000t\000r\000u\000t\000o\000r\000e\000s}{section.4.14}% 81
\BOOKMARK [3][-]{subsubsection.4.14.1.1}{\376\377\0004\000.\0001\0004\000.\0001\000.\0001\000\040\000L\000e\000i\000t\000o\000r\000D\000e\000P\000g\000n\000\050\000\051}{subsection.4.14.1}% 82
\BOOKMARK [3][-]{subsubsection.4.14.1.2}{\376\377\0004\000.\0001\0004\000.\0001\000.\0002\000\040\000\040\000L\000e\000i\000t\000o\000r\000D\000e\000P\000g\000n\000\050\000\051}{subsection.4.14.1}% 83
\BOOKMARK [2][-]{subsection.4.14.2}{\376\377\0004\000.\0001\0004\000.\0002\000\040\000F\000u\000n\000\347\000\365\000e\000s\000\040\000m\000e\000m\000b\000r\000o\000s}{section.4.14}% 84
\BOOKMARK [3][-]{subsubsection.4.14.2.1}{\376\377\0004\000.\0001\0004\000.\0002\000.\0001\000\040\000a\000b\000r\000e\000\137\000a\000r\000q\000u\000i\000v\000o\000\050\000\051}{subsection.4.14.2}% 85
\BOOKMARK [3][-]{subsubsection.4.14.2.2}{\376\377\0004\000.\0001\0004\000.\0002\000.\0002\000\040\000f\000e\000c\000h\000a\000\137\000a\000r\000q\000u\000i\000v\000o\000\050\000\051}{subsection.4.14.2}% 86
\BOOKMARK [3][-]{subsubsection.4.14.2.3}{\376\377\0004\000.\0001\0004\000.\0002\000.\0003\000\040\000i\000m\000p\000r\000i\000m\000e\000\137\000c\000o\000m\000a\000n\000d\000o\000s\000\050\000\051}{subsection.4.14.2}% 87
\BOOKMARK [1][-]{section.4.15}{\376\377\0004\000.\0001\0005\000\040\000R\000e\000f\000e\000r\000\352\000n\000c\000i\000a\000\040\000d\000a\000\040\000C\000l\000a\000s\000s\000e\000\040\000M\000o\000v\000i\000m\000e\000n\000t\000o}{chapter.4}% 88
\BOOKMARK [2][-]{subsection.4.15.1}{\376\377\0004\000.\0001\0005\000.\0001\000\040\000C\000o\000n\000s\000t\000r\000u\000t\000o\000r\000e\000s\000\040\000e\000\040\000D\000e\000s\000t\000r\000u\000t\000o\000r\000e\000s}{section.4.15}% 89
\BOOKMARK [3][-]{subsubsection.4.15.1.1}{\376\377\0004\000.\0001\0005\000.\0001\000.\0001\000\040\000M\000o\000v\000i\000m\000e\000n\000t\000o\000\050\000\051}{subsection.4.15.1}% 90
\BOOKMARK [2][-]{subsection.4.15.2}{\376\377\0004\000.\0001\0005\000.\0002\000\040\000F\000u\000n\000\347\000\365\000e\000s\000\040\000m\000e\000m\000b\000r\000o\000s}{section.4.15}% 91
\BOOKMARK [3][-]{subsubsection.4.15.2.1}{\376\377\0004\000.\0001\0005\000.\0002\000.\0001\000\040\000c\000h\000e\000c\000a\000\137\000m\000o\000v\000i\000m\000e\000n\000t\000o\000\137\000b\000i\000s\000p\000o\000\050\000\051}{subsection.4.15.2}% 92
\BOOKMARK [3][-]{subsubsection.4.15.2.2}{\376\377\0004\000.\0001\0005\000.\0002\000.\0002\000\040\000c\000h\000e\000c\000a\000\137\000m\000o\000v\000i\000m\000e\000n\000t\000o\000\137\000c\000a\000v\000a\000l\000o\000\050\000\051}{subsection.4.15.2}% 93
\BOOKMARK [3][-]{subsubsection.4.15.2.3}{\376\377\0004\000.\0001\0005\000.\0002\000.\0003\000\040\000c\000h\000e\000c\000a\000\137\000m\000o\000v\000i\000m\000e\000n\000t\000o\000\137\000d\000a\000m\000a\000\050\000\051}{subsection.4.15.2}% 94
\BOOKMARK [3][-]{subsubsection.4.15.2.4}{\376\377\0004\000.\0001\0005\000.\0002\000.\0004\000\040\000c\000h\000e\000c\000a\000\137\000m\000o\000v\000i\000m\000e\000n\000t\000o\000\137\000p\000e\000a\000o\000\050\000\051}{subsection.4.15.2}% 95
\BOOKMARK [3][-]{subsubsection.4.15.2.5}{\376\377\0004\000.\0001\0005\000.\0002\000.\0005\000\040\000c\000h\000e\000c\000a\000\137\000m\000o\000v\000i\000m\000e\000n\000t\000o\000\137\000p\000e\000c\000a\000\050\000\051}{subsection.4.15.2}% 96
\BOOKMARK [3][-]{subsubsection.4.15.2.6}{\376\377\0004\000.\0001\0005\000.\0002\000.\0006\000\040\000c\000h\000e\000c\000a\000\137\000m\000o\000v\000i\000m\000e\000n\000t\000o\000\137\000r\000e\000i\000\050\000\051}{subsection.4.15.2}% 97
\BOOKMARK [3][-]{subsubsection.4.15.2.7}{\376\377\0004\000.\0001\0005\000.\0002\000.\0007\000\040\000c\000h\000e\000c\000a\000\137\000m\000o\000v\000i\000m\000e\000n\000t\000o\000\137\000t\000o\000r\000r\000e\000\050\000\051}{subsection.4.15.2}% 98
\BOOKMARK [3][-]{subsubsection.4.15.2.8}{\376\377\0004\000.\0001\0005\000.\0002\000.\0008\000\040\000e\000x\000e\000c\000u\000t\000a\000r\000\137\000m\000o\000v\000i\000m\000e\000n\000t\000o\000\050\000\051}{subsection.4.15.2}% 99
\BOOKMARK [3][-]{subsubsection.4.15.2.9}{\376\377\0004\000.\0001\0005\000.\0002\000.\0009\000\040\000p\000r\000o\000m\000o\000v\000e\000\137\000p\000e\000a\000o\000\050\000\051}{subsection.4.15.2}% 100
\BOOKMARK [3][-]{subsubsection.4.15.2.10}{\376\377\0004\000.\0001\0005\000.\0002\000.\0001\0000\000\040\000r\000o\000q\000u\000e\000\050\000\051}{subsection.4.15.2}% 101
\BOOKMARK [3][-]{subsubsection.4.15.2.11}{\376\377\0004\000.\0001\0005\000.\0002\000.\0001\0001\000\040\000v\000a\000l\000i\000d\000a\000r\000\137\000m\000o\000v\000i\000m\000e\000n\000t\000o\000\050\000\051}{subsection.4.15.2}% 102
\BOOKMARK [1][-]{section.4.16}{\376\377\0004\000.\0001\0006\000\040\000R\000e\000f\000e\000r\000\352\000n\000c\000i\000a\000\040\000d\000a\000\040\000C\000l\000a\000s\000s\000e\000\040\000M\000o\000v\000i\000m\000e\000n\000t\000o\000I\000n\000v\000a\000l\000i\000d\000o\000E\000x\000c\000e\000p\000t\000i\000o\000n}{chapter.4}% 103
\BOOKMARK [2][-]{subsection.4.16.1}{\376\377\0004\000.\0001\0006\000.\0001\000\040\000F\000u\000n\000\347\000\365\000e\000s\000\040\000m\000e\000m\000b\000r\000o\000s}{section.4.16}% 104
\BOOKMARK [3][-]{subsubsection.4.16.1.1}{\376\377\0004\000.\0001\0006\000.\0001\000.\0001\000\040\000w\000h\000a\000t\000\050\000\051}{subsection.4.16.1}% 105
\BOOKMARK [1][-]{section.4.17}{\376\377\0004\000.\0001\0007\000\040\000R\000e\000f\000e\000r\000\352\000n\000c\000i\000a\000\040\000d\000a\000\040\000C\000l\000a\000s\000s\000e\000\040\000N\000a\000o\000E\000S\000u\000a\000V\000e\000z\000E\000x\000c\000e\000p\000t\000i\000o\000n}{chapter.4}% 106
\BOOKMARK [2][-]{subsection.4.17.1}{\376\377\0004\000.\0001\0007\000.\0001\000\040\000F\000u\000n\000\347\000\365\000e\000s\000\040\000m\000e\000m\000b\000r\000o\000s}{section.4.17}% 107
\BOOKMARK [3][-]{subsubsection.4.17.1.1}{\376\377\0004\000.\0001\0007\000.\0001\000.\0001\000\040\000w\000h\000a\000t\000\050\000\051}{subsection.4.17.1}% 108
\BOOKMARK [1][-]{section.4.18}{\376\377\0004\000.\0001\0008\000\040\000R\000e\000f\000e\000r\000\352\000n\000c\000i\000a\000\040\000d\000a\000\040\000C\000l\000a\000s\000s\000e\000\040\000P\000e\000a\000o}{chapter.4}% 109
\BOOKMARK [2][-]{subsection.4.18.1}{\376\377\0004\000.\0001\0008\000.\0001\000\040\000D\000e\000s\000c\000r\000i\000\347\000\343\000o\000\040\000d\000e\000t\000a\000l\000h\000a\000d\000a}{section.4.18}% 110
\BOOKMARK [2][-]{subsection.4.18.2}{\376\377\0004\000.\0001\0008\000.\0002\000\040\000C\000o\000n\000s\000t\000r\000u\000t\000o\000r\000e\000s\000\040\000e\000\040\000D\000e\000s\000t\000r\000u\000t\000o\000r\000e\000s}{section.4.18}% 111
\BOOKMARK [3][-]{subsubsection.4.18.2.1}{\376\377\0004\000.\0001\0008\000.\0002\000.\0001\000\040\000P\000e\000a\000o\000\050\000\051}{subsection.4.18.2}% 112
\BOOKMARK [3][-]{subsubsection.4.18.2.2}{\376\377\0004\000.\0001\0008\000.\0002\000.\0002\000\040\000\040\000P\000e\000a\000o\000\050\000\051}{subsection.4.18.2}% 113
\BOOKMARK [2][-]{subsection.4.18.3}{\376\377\0004\000.\0001\0008\000.\0003\000\040\000F\000u\000n\000\347\000\365\000e\000s\000\040\000m\000e\000m\000b\000r\000o\000s}{section.4.18}% 114
\BOOKMARK [3][-]{subsubsection.4.18.3.1}{\376\377\0004\000.\0001\0008\000.\0003\000.\0001\000\040\000g\000e\000t\000\137\000r\000e\000p\000r\000e\000s\000e\000n\000t\000a\000c\000a\000o\000\050\000\051}{subsection.4.18.3}% 115
\BOOKMARK [2][-]{subsection.4.18.4}{\376\377\0004\000.\0001\0008\000.\0004\000\040\000A\000t\000r\000i\000b\000u\000t\000o\000s}{section.4.18}% 116
\BOOKMARK [3][-]{subsubsection.4.18.4.1}{\376\377\0004\000.\0001\0008\000.\0004\000.\0001\000\040\000e\000n\000\137\000p\000a\000s\000s\000a\000n\000t}{subsection.4.18.4}% 117
\BOOKMARK [3][-]{subsubsection.4.18.4.2}{\376\377\0004\000.\0001\0008\000.\0004\000.\0002\000\040\000p\000r\000i\000m\000e\000i\000r\000o\000\137\000m\000o\000v\000i\000m\000e\000n\000t\000o}{subsection.4.18.4}% 118
\BOOKMARK [1][-]{section.4.19}{\376\377\0004\000.\0001\0009\000\040\000R\000e\000f\000e\000r\000\352\000n\000c\000i\000a\000\040\000d\000a\000\040\000C\000l\000a\000s\000s\000e\000\040\000P\000e\000c\000a}{chapter.4}% 119
\BOOKMARK [2][-]{subsection.4.19.1}{\376\377\0004\000.\0001\0009\000.\0001\000\040\000D\000e\000s\000c\000r\000i\000\347\000\343\000o\000\040\000d\000e\000t\000a\000l\000h\000a\000d\000a}{section.4.19}% 120
\BOOKMARK [2][-]{subsection.4.19.2}{\376\377\0004\000.\0001\0009\000.\0002\000\040\000C\000o\000n\000s\000t\000r\000u\000t\000o\000r\000e\000s\000\040\000e\000\040\000D\000e\000s\000t\000r\000u\000t\000o\000r\000e\000s}{section.4.19}% 121
\BOOKMARK [3][-]{subsubsection.4.19.2.1}{\376\377\0004\000.\0001\0009\000.\0002\000.\0001\000\040\000P\000e\000c\000a\000\050\000\051}{subsection.4.19.2}% 122
\BOOKMARK [3][-]{subsubsection.4.19.2.2}{\376\377\0004\000.\0001\0009\000.\0002\000.\0002\000\040\000\040\000P\000e\000c\000a\000\050\000\051}{subsection.4.19.2}% 123
\BOOKMARK [2][-]{subsection.4.19.3}{\376\377\0004\000.\0001\0009\000.\0003\000\040\000F\000u\000n\000\347\000\365\000e\000s\000\040\000m\000e\000m\000b\000r\000o\000s}{section.4.19}% 124
\BOOKMARK [3][-]{subsubsection.4.19.3.1}{\376\377\0004\000.\0001\0009\000.\0003\000.\0001\000\040\000g\000e\000t\000\137\000c\000a\000s\000a\000s\000\050\000\051}{subsection.4.19.3}% 125
\BOOKMARK [3][-]{subsubsection.4.19.3.2}{\376\377\0004\000.\0001\0009\000.\0003\000.\0002\000\040\000g\000e\000t\000\137\000c\000o\000r\000\050\000\051}{subsection.4.19.3}% 126
\BOOKMARK [3][-]{subsubsection.4.19.3.3}{\376\377\0004\000.\0001\0009\000.\0003\000.\0003\000\040\000g\000e\000t\000\137\000e\000n\000\137\000p\000a\000s\000s\000a\000n\000t\000\050\000\051}{subsection.4.19.3}% 127
\BOOKMARK [3][-]{subsubsection.4.19.3.4}{\376\377\0004\000.\0001\0009\000.\0003\000.\0004\000\040\000g\000e\000t\000\137\000p\000r\000i\000m\000e\000i\000r\000o\000\137\000m\000o\000v\000i\000m\000e\000n\000t\000o\000\050\000\051}{subsection.4.19.3}% 128
\BOOKMARK [3][-]{subsubsection.4.19.3.5}{\376\377\0004\000.\0001\0009\000.\0003\000.\0005\000\040\000g\000e\000t\000\137\000r\000e\000p\000r\000e\000s\000e\000n\000t\000a\000c\000a\000o\000\050\000\051}{subsection.4.19.3}% 129
\BOOKMARK [3][-]{subsubsection.4.19.3.6}{\376\377\0004\000.\0001\0009\000.\0003\000.\0006\000\040\000s\000e\000t\000\137\000c\000a\000s\000a\000s\000\050\000\051}{subsection.4.19.3}% 130
\BOOKMARK [3][-]{subsubsection.4.19.3.7}{\376\377\0004\000.\0001\0009\000.\0003\000.\0007\000\040\000s\000e\000t\000\137\000e\000n\000\137\000p\000a\000s\000s\000a\000n\000t\000\050\000\051}{subsection.4.19.3}% 131
\BOOKMARK [3][-]{subsubsection.4.19.3.8}{\376\377\0004\000.\0001\0009\000.\0003\000.\0008\000\040\000s\000e\000t\000\137\000p\000r\000i\000m\000e\000i\000r\000o\000\137\000m\000o\000v\000i\000m\000e\000n\000t\000o\000\050\000\051}{subsection.4.19.3}% 132
\BOOKMARK [1][-]{section.4.20}{\376\377\0004\000.\0002\0000\000\040\000R\000e\000f\000e\000r\000\352\000n\000c\000i\000a\000\040\000d\000a\000\040\000C\000l\000a\000s\000s\000e\000\040\000P\000e\000c\000a\000A\000l\000i\000a\000d\000a\000E\000x\000c\000e\000p\000t\000i\000o\000n}{chapter.4}% 133
\BOOKMARK [2][-]{subsection.4.20.1}{\376\377\0004\000.\0002\0000\000.\0001\000\040\000F\000u\000n\000\347\000\365\000e\000s\000\040\000m\000e\000m\000b\000r\000o\000s}{section.4.20}% 134
\BOOKMARK [3][-]{subsubsection.4.20.1.1}{\376\377\0004\000.\0002\0000\000.\0001\000.\0001\000\040\000w\000h\000a\000t\000\050\000\051}{subsection.4.20.1}% 135
\BOOKMARK [1][-]{section.4.21}{\376\377\0004\000.\0002\0001\000\040\000R\000e\000f\000e\000r\000\352\000n\000c\000i\000a\000\040\000d\000a\000\040\000C\000l\000a\000s\000s\000e\000\040\000P\000e\000c\000a\000N\000a\000F\000r\000e\000n\000t\000e\000E\000x\000c\000e\000p\000t\000i\000o\000n}{chapter.4}% 136
\BOOKMARK [2][-]{subsection.4.21.1}{\376\377\0004\000.\0002\0001\000.\0001\000\040\000F\000u\000n\000\347\000\365\000e\000s\000\040\000m\000e\000m\000b\000r\000o\000s}{section.4.21}% 137
\BOOKMARK [3][-]{subsubsection.4.21.1.1}{\376\377\0004\000.\0002\0001\000.\0001\000.\0001\000\040\000w\000h\000a\000t\000\050\000\051}{subsection.4.21.1}% 138
\BOOKMARK [1][-]{section.4.22}{\376\377\0004\000.\0002\0002\000\040\000R\000e\000f\000e\000r\000\352\000n\000c\000i\000a\000\040\000d\000a\000\040\000C\000l\000a\000s\000s\000e\000\040\000P\000g\000n}{chapter.4}% 139
\BOOKMARK [2][-]{subsection.4.22.1}{\376\377\0004\000.\0002\0002\000.\0001\000\040\000C\000o\000n\000s\000t\000r\000u\000t\000o\000r\000e\000s\000\040\000e\000\040\000D\000e\000s\000t\000r\000u\000t\000o\000r\000e\000s}{section.4.22}% 140
\BOOKMARK [3][-]{subsubsection.4.22.1.1}{\376\377\0004\000.\0002\0002\000.\0001\000.\0001\000\040\000P\000g\000n\000\050\000\051}{subsection.4.22.1}% 141
\BOOKMARK [3][-]{subsubsection.4.22.1.2}{\376\377\0004\000.\0002\0002\000.\0001\000.\0002\000\040\000\040\000P\000g\000n\000\050\000\051}{subsection.4.22.1}% 142
\BOOKMARK [2][-]{subsection.4.22.2}{\376\377\0004\000.\0002\0002\000.\0002\000\040\000F\000u\000n\000\347\000\365\000e\000s\000\040\000m\000e\000m\000b\000r\000o\000s}{section.4.22}% 143
\BOOKMARK [3][-]{subsubsection.4.22.2.1}{\376\377\0004\000.\0002\0002\000.\0002\000.\0001\000\040\000a\000b\000r\000e\000\137\000a\000r\000q\000u\000i\000v\000o\000\050\000\051}{subsection.4.22.2}% 144
\BOOKMARK [3][-]{subsubsection.4.22.2.2}{\376\377\0004\000.\0002\0002\000.\0002\000.\0002\000\040\000f\000e\000c\000h\000a\000\137\000a\000r\000q\000u\000i\000v\000o\000\050\000\051}{subsection.4.22.2}% 145
\BOOKMARK [2][-]{subsection.4.22.3}{\376\377\0004\000.\0002\0002\000.\0003\000\040\000A\000t\000r\000i\000b\000u\000t\000o\000s}{section.4.22}% 146
\BOOKMARK [3][-]{subsubsection.4.22.3.1}{\376\377\0004\000.\0002\0002\000.\0003\000.\0001\000\040\000c\000a\000s\000a\000\137\000f\000i\000n\000a\000l}{subsection.4.22.3}% 147
\BOOKMARK [3][-]{subsubsection.4.22.3.2}{\376\377\0004\000.\0002\0002\000.\0003\000.\0002\000\040\000c\000o\000m\000a\000n\000d\000o\000s\000\137\000d\000a\000\137\000r\000o\000d\000a\000d\000a}{subsection.4.22.3}% 148
\BOOKMARK [3][-]{subsubsection.4.22.3.3}{\376\377\0004\000.\0002\0002\000.\0003\000.\0003\000\040\000c\000o\000n\000t\000e\000u\000d\000o}{subsection.4.22.3}% 149
\BOOKMARK [3][-]{subsubsection.4.22.3.4}{\376\377\0004\000.\0002\0002\000.\0003\000.\0004\000\040\000j\000o\000g\000o\000\137\000v\000a\000l\000i\000d\000o}{subsection.4.22.3}% 150
\BOOKMARK [3][-]{subsubsection.4.22.3.5}{\376\377\0004\000.\0002\0002\000.\0003\000.\0005\000\040\000n\000o\000m\000e\000\137\000d\000o\000\137\000a\000r\000q\000u\000i\000v\000o}{subsection.4.22.3}% 151
\BOOKMARK [3][-]{subsubsection.4.22.3.6}{\376\377\0004\000.\0002\0002\000.\0003\000.\0006\000\040\000r\000o\000d\000a\000d\000a}{subsection.4.22.3}% 152
\BOOKMARK [1][-]{section.4.23}{\376\377\0004\000.\0002\0003\000\040\000R\000e\000f\000e\000r\000\352\000n\000c\000i\000a\000\040\000d\000a\000\040\000C\000l\000a\000s\000s\000e\000\040\000R\000e\000i}{chapter.4}% 153
\BOOKMARK [2][-]{subsection.4.23.1}{\376\377\0004\000.\0002\0003\000.\0001\000\040\000D\000e\000s\000c\000r\000i\000\347\000\343\000o\000\040\000d\000e\000t\000a\000l\000h\000a\000d\000a}{section.4.23}% 154
\BOOKMARK [2][-]{subsection.4.23.2}{\376\377\0004\000.\0002\0003\000.\0002\000\040\000C\000o\000n\000s\000t\000r\000u\000t\000o\000r\000e\000s\000\040\000e\000\040\000D\000e\000s\000t\000r\000u\000t\000o\000r\000e\000s}{section.4.23}% 155
\BOOKMARK [3][-]{subsubsection.4.23.2.1}{\376\377\0004\000.\0002\0003\000.\0002\000.\0001\000\040\000R\000e\000i\000\050\000\051}{subsection.4.23.2}% 156
\BOOKMARK [3][-]{subsubsection.4.23.2.2}{\376\377\0004\000.\0002\0003\000.\0002\000.\0002\000\040\000\040\000R\000e\000i\000\050\000\051}{subsection.4.23.2}% 157
\BOOKMARK [2][-]{subsection.4.23.3}{\376\377\0004\000.\0002\0003\000.\0003\000\040\000F\000u\000n\000\347\000\365\000e\000s\000\040\000m\000e\000m\000b\000r\000o\000s}{section.4.23}% 158
\BOOKMARK [3][-]{subsubsection.4.23.3.1}{\376\377\0004\000.\0002\0003\000.\0003\000.\0001\000\040\000g\000e\000t\000\137\000r\000e\000p\000r\000e\000s\000e\000n\000t\000a\000c\000a\000o\000\050\000\051}{subsection.4.23.3}% 159
\BOOKMARK [1][-]{section.4.24}{\376\377\0004\000.\0002\0004\000\040\000R\000e\000f\000e\000r\000\352\000n\000c\000i\000a\000\040\000d\000a\000\040\000C\000l\000a\000s\000s\000e\000\040\000S\000e\000m\000P\000e\000c\000a\000P\000a\000r\000a\000M\000o\000v\000i\000m\000e\000n\000t\000a\000r\000E\000x\000c\000e\000p\000t\000i\000o\000n}{chapter.4}% 160
\BOOKMARK [2][-]{subsection.4.24.1}{\376\377\0004\000.\0002\0004\000.\0001\000\040\000F\000u\000n\000\347\000\365\000e\000s\000\040\000m\000e\000m\000b\000r\000o\000s}{section.4.24}% 161
\BOOKMARK [3][-]{subsubsection.4.24.1.1}{\376\377\0004\000.\0002\0004\000.\0001\000.\0001\000\040\000w\000h\000a\000t\000\050\000\051}{subsection.4.24.1}% 162
\BOOKMARK [1][-]{section.4.25}{\376\377\0004\000.\0002\0005\000\040\000R\000e\000f\000e\000r\000\352\000n\000c\000i\000a\000\040\000d\000a\000\040\000C\000l\000a\000s\000s\000e\000\040\000T\000a\000b\000u\000l\000e\000i\000r\000o}{chapter.4}% 163
\BOOKMARK [2][-]{subsection.4.25.1}{\376\377\0004\000.\0002\0005\000.\0001\000\040\000C\000o\000n\000s\000t\000r\000u\000t\000o\000r\000e\000s\000\040\000e\000\040\000D\000e\000s\000t\000r\000u\000t\000o\000r\000e\000s}{section.4.25}% 164
\BOOKMARK [3][-]{subsubsection.4.25.1.1}{\376\377\0004\000.\0002\0005\000.\0001\000.\0001\000\040\000T\000a\000b\000u\000l\000e\000i\000r\000o\000\050\000\051}{subsection.4.25.1}% 165
\BOOKMARK [3][-]{subsubsection.4.25.1.2}{\376\377\0004\000.\0002\0005\000.\0001\000.\0002\000\040\000\040\000T\000a\000b\000u\000l\000e\000i\000r\000o\000\050\000\051}{subsection.4.25.1}% 166
\BOOKMARK [2][-]{subsection.4.25.2}{\376\377\0004\000.\0002\0005\000.\0002\000\040\000F\000u\000n\000\347\000\365\000e\000s\000\040\000m\000e\000m\000b\000r\000o\000s}{section.4.25}% 167
\BOOKMARK [3][-]{subsubsection.4.25.2.1}{\376\377\0004\000.\0002\0005\000.\0002\000.\0001\000\040\000a\000d\000i\000c\000i\000o\000n\000a\000\137\000p\000e\000c\000a\000\050\000\051}{subsection.4.25.2}% 168
\BOOKMARK [3][-]{subsubsection.4.25.2.2}{\376\377\0004\000.\0002\0005\000.\0002\000.\0002\000\040\000a\000d\000i\000c\000i\000o\000n\000a\000\137\000p\000e\000c\000a\000\137\000e\000x\000i\000s\000t\000e\000n\000t\000e\000\050\000\051}{subsection.4.25.2}% 169
\BOOKMARK [3][-]{subsubsection.4.25.2.3}{\376\377\0004\000.\0002\0005\000.\0002\000.\0003\000\040\000c\000o\000n\000s\000t\000r\000o\000i\000\137\000t\000a\000b\000u\000l\000e\000i\000r\000o\000\050\000\051}{subsection.4.25.2}% 170
\BOOKMARK [3][-]{subsubsection.4.25.2.4}{\376\377\0004\000.\0002\0005\000.\0002\000.\0004\000\040\000g\000e\000t\000\137\000c\000a\000s\000a\000\050\000\051}{subsection.4.25.2}% 171
\BOOKMARK [3][-]{subsubsection.4.25.2.5}{\376\377\0004\000.\0002\0005\000.\0002\000.\0005\000\040\000g\000e\000t\000\137\000t\000a\000m\000a\000n\000h\000o\000\050\000\051}{subsection.4.25.2}% 172
\BOOKMARK [3][-]{subsubsection.4.25.2.6}{\376\377\0004\000.\0002\0005\000.\0002\000.\0006\000\040\000i\000m\000p\000r\000i\000m\000e\000\050\000\051}{subsection.4.25.2}% 173
\BOOKMARK [3][-]{subsubsection.4.25.2.7}{\376\377\0004\000.\0002\0005\000.\0002\000.\0007\000\040\000l\000i\000m\000p\000a\000\137\000c\000a\000s\000a\000\050\000\051}{subsection.4.25.2}% 174
\BOOKMARK [3][-]{subsubsection.4.25.2.8}{\376\377\0004\000.\0002\0005\000.\0002\000.\0008\000\040\000l\000i\000m\000p\000a\000\137\000t\000a\000b\000u\000l\000e\000i\000r\000o\000\050\000\051}{subsection.4.25.2}% 175
\BOOKMARK [1][-]{section.4.26}{\376\377\0004\000.\0002\0006\000\040\000R\000e\000f\000e\000r\000\352\000n\000c\000i\000a\000\040\000d\000a\000\040\000C\000l\000a\000s\000s\000e\000\040\000T\000o\000r\000r\000e}{chapter.4}% 176
\BOOKMARK [2][-]{subsection.4.26.1}{\376\377\0004\000.\0002\0006\000.\0001\000\040\000D\000e\000s\000c\000r\000i\000\347\000\343\000o\000\040\000d\000e\000t\000a\000l\000h\000a\000d\000a}{section.4.26}% 177
\BOOKMARK [2][-]{subsection.4.26.2}{\376\377\0004\000.\0002\0006\000.\0002\000\040\000C\000o\000n\000s\000t\000r\000u\000t\000o\000r\000e\000s\000\040\000e\000\040\000D\000e\000s\000t\000r\000u\000t\000o\000r\000e\000s}{section.4.26}% 178
\BOOKMARK [3][-]{subsubsection.4.26.2.1}{\376\377\0004\000.\0002\0006\000.\0002\000.\0001\000\040\000T\000o\000r\000r\000e\000\050\000\051}{subsection.4.26.2}% 179
\BOOKMARK [3][-]{subsubsection.4.26.2.2}{\376\377\0004\000.\0002\0006\000.\0002\000.\0002\000\040\000\040\000T\000o\000r\000r\000e\000\050\000\051}{subsection.4.26.2}% 180
\BOOKMARK [2][-]{subsection.4.26.3}{\376\377\0004\000.\0002\0006\000.\0003\000\040\000F\000u\000n\000\347\000\365\000e\000s\000\040\000m\000e\000m\000b\000r\000o\000s}{section.4.26}% 181
\BOOKMARK [3][-]{subsubsection.4.26.3.1}{\376\377\0004\000.\0002\0006\000.\0003\000.\0001\000\040\000g\000e\000t\000\137\000r\000e\000p\000r\000e\000s\000e\000n\000t\000a\000c\000a\000o\000\050\000\051}{subsection.4.26.3}% 182
\BOOKMARK [0][-]{chapter.5}{\376\377\0005\000\040\000A\000r\000q\000u\000i\000v\000o\000s}{}% 183
\BOOKMARK [1][-]{section.5.1}{\376\377\0005\000.\0001\000\040\000R\000e\000f\000e\000r\000\352\000n\000c\000i\000a\000\040\000d\000o\000\040\000A\000r\000q\000u\000i\000v\000o\000\040\000i\000n\000c\000l\000u\000d\000e\000/\000b\000i\000s\000p\000o\000.\000h\000p\000p}{chapter.5}% 184
\BOOKMARK [1][-]{section.5.2}{\376\377\0005\000.\0002\000\040\000b\000i\000s\000p\000o\000.\000h\000p\000p}{chapter.5}% 185
\BOOKMARK [1][-]{section.5.3}{\376\377\0005\000.\0003\000\040\000R\000e\000f\000e\000r\000\352\000n\000c\000i\000a\000\040\000d\000o\000\040\000A\000r\000q\000u\000i\000v\000o\000\040\000i\000n\000c\000l\000u\000d\000e\000/\000c\000a\000v\000a\000l\000o\000.\000h\000p\000p}{chapter.5}% 186
\BOOKMARK [1][-]{section.5.4}{\376\377\0005\000.\0004\000\040\000c\000a\000v\000a\000l\000o\000.\000h\000p\000p}{chapter.5}% 187
\BOOKMARK [1][-]{section.5.5}{\376\377\0005\000.\0005\000\040\000R\000e\000f\000e\000r\000\352\000n\000c\000i\000a\000\040\000d\000o\000\040\000A\000r\000q\000u\000i\000v\000o\000\040\000i\000n\000c\000l\000u\000d\000e\000/\000d\000a\000m\000a\000.\000h\000p\000p}{chapter.5}% 188
\BOOKMARK [1][-]{section.5.6}{\376\377\0005\000.\0006\000\040\000d\000a\000m\000a\000.\000h\000p\000p}{chapter.5}% 189
\BOOKMARK [1][-]{section.5.7}{\376\377\0005\000.\0007\000\040\000R\000e\000f\000e\000r\000\352\000n\000c\000i\000a\000\040\000d\000o\000\040\000A\000r\000q\000u\000i\000v\000o\000\040\000i\000n\000c\000l\000u\000d\000e\000/\000e\000x\000c\000e\000c\000o\000e\000s\000.\000h\000p\000p}{chapter.5}% 190
\BOOKMARK [1][-]{section.5.8}{\376\377\0005\000.\0008\000\040\000e\000x\000c\000e\000c\000o\000e\000s\000.\000h\000p\000p}{chapter.5}% 191
\BOOKMARK [1][-]{section.5.9}{\376\377\0005\000.\0009\000\040\000R\000e\000f\000e\000r\000\352\000n\000c\000i\000a\000\040\000d\000o\000\040\000A\000r\000q\000u\000i\000v\000o\000\040\000i\000n\000c\000l\000u\000d\000e\000/\000j\000o\000g\000a\000d\000o\000r\000.\000h\000p\000p}{chapter.5}% 192
\BOOKMARK [1][-]{section.5.10}{\376\377\0005\000.\0001\0000\000\040\000j\000o\000g\000a\000d\000o\000r\000.\000h\000p\000p}{chapter.5}% 193
\BOOKMARK [1][-]{section.5.11}{\376\377\0005\000.\0001\0001\000\040\000R\000e\000f\000e\000r\000\352\000n\000c\000i\000a\000\040\000d\000o\000\040\000A\000r\000q\000u\000i\000v\000o\000\040\000i\000n\000c\000l\000u\000d\000e\000/\000j\000o\000g\000o\000.\000h\000p\000p}{chapter.5}% 194
\BOOKMARK [1][-]{section.5.12}{\376\377\0005\000.\0001\0002\000\040\000j\000o\000g\000o\000.\000h\000p\000p}{chapter.5}% 195
\BOOKMARK [1][-]{section.5.13}{\376\377\0005\000.\0001\0003\000\040\000R\000e\000f\000e\000r\000\352\000n\000c\000i\000a\000\040\000d\000o\000\040\000A\000r\000q\000u\000i\000v\000o\000\040\000i\000n\000c\000l\000u\000d\000e\000/\000m\000o\000v\000i\000m\000e\000n\000t\000o\000.\000h\000p\000p}{chapter.5}% 196
\BOOKMARK [1][-]{section.5.14}{\376\377\0005\000.\0001\0004\000\040\000m\000o\000v\000i\000m\000e\000n\000t\000o\000.\000h\000p\000p}{chapter.5}% 197
\BOOKMARK [1][-]{section.5.15}{\376\377\0005\000.\0001\0005\000\040\000R\000e\000f\000e\000r\000\352\000n\000c\000i\000a\000\040\000d\000o\000\040\000A\000r\000q\000u\000i\000v\000o\000\040\000i\000n\000c\000l\000u\000d\000e\000/\000p\000e\000a\000o\000.\000h\000p\000p}{chapter.5}% 198
\BOOKMARK [1][-]{section.5.16}{\376\377\0005\000.\0001\0006\000\040\000p\000e\000a\000o\000.\000h\000p\000p}{chapter.5}% 199
\BOOKMARK [1][-]{section.5.17}{\376\377\0005\000.\0001\0007\000\040\000R\000e\000f\000e\000r\000\352\000n\000c\000i\000a\000\040\000d\000o\000\040\000A\000r\000q\000u\000i\000v\000o\000\040\000i\000n\000c\000l\000u\000d\000e\000/\000p\000e\000c\000a\000.\000h\000p\000p}{chapter.5}% 200
\BOOKMARK [2][-]{subsection.5.17.1}{\376\377\0005\000.\0001\0007\000.\0001\000\040\000E\000n\000u\000m\000e\000r\000a\000\347\000\365\000e\000s}{section.5.17}% 201
\BOOKMARK [3][-]{subsubsection.5.17.1.1}{\376\377\0005\000.\0001\0007\000.\0001\000.\0001\000\040\000C\000o\000r}{subsection.5.17.1}% 202
\BOOKMARK [1][-]{section.5.18}{\376\377\0005\000.\0001\0008\000\040\000p\000e\000c\000a\000.\000h\000p\000p}{chapter.5}% 203
\BOOKMARK [1][-]{section.5.19}{\376\377\0005\000.\0001\0009\000\040\000R\000e\000f\000e\000r\000\352\000n\000c\000i\000a\000\040\000d\000o\000\040\000A\000r\000q\000u\000i\000v\000o\000\040\000i\000n\000c\000l\000u\000d\000e\000/\000p\000g\000n\000.\000h\000p\000p}{chapter.5}% 204
\BOOKMARK [1][-]{section.5.20}{\376\377\0005\000.\0002\0000\000\040\000p\000g\000n\000.\000h\000p\000p}{chapter.5}% 205
\BOOKMARK [1][-]{section.5.21}{\376\377\0005\000.\0002\0001\000\040\000R\000e\000f\000e\000r\000\352\000n\000c\000i\000a\000\040\000d\000o\000\040\000A\000r\000q\000u\000i\000v\000o\000\040\000i\000n\000c\000l\000u\000d\000e\000/\000r\000e\000i\000.\000h\000p\000p}{chapter.5}% 206
\BOOKMARK [1][-]{section.5.22}{\376\377\0005\000.\0002\0002\000\040\000r\000e\000i\000.\000h\000p\000p}{chapter.5}% 207
\BOOKMARK [1][-]{section.5.23}{\376\377\0005\000.\0002\0003\000\040\000R\000e\000f\000e\000r\000\352\000n\000c\000i\000a\000\040\000d\000o\000\040\000A\000r\000q\000u\000i\000v\000o\000\040\000i\000n\000c\000l\000u\000d\000e\000/\000t\000a\000b\000u\000l\000e\000i\000r\000o\000.\000h\000p\000p}{chapter.5}% 208
\BOOKMARK [2][-]{subsection.5.23.1}{\376\377\0005\000.\0002\0003\000.\0001\000\040\000D\000e\000f\000i\000n\000i\000\347\000\365\000e\000s\000\040\000e\000\040\000m\000a\000c\000r\000o\000s}{section.5.23}% 209
\BOOKMARK [3][-]{subsubsection.5.23.1.1}{\376\377\0005\000.\0002\0003\000.\0001\000.\0001\000\040\000T\000A\000M\000A\000N\000H\000O\000\137\000D\000O\000\137\000T\000A\000B\000U\000L\000E\000I\000R\000O}{subsection.5.23.1}% 210
\BOOKMARK [1][-]{section.5.24}{\376\377\0005\000.\0002\0004\000\040\000t\000a\000b\000u\000l\000e\000i\000r\000o\000.\000h\000p\000p}{chapter.5}% 211
\BOOKMARK [1][-]{section.5.25}{\376\377\0005\000.\0002\0005\000\040\000R\000e\000f\000e\000r\000\352\000n\000c\000i\000a\000\040\000d\000o\000\040\000A\000r\000q\000u\000i\000v\000o\000\040\000i\000n\000c\000l\000u\000d\000e\000/\000t\000o\000r\000r\000e\000.\000h\000p\000p}{chapter.5}% 212
\BOOKMARK [1][-]{section.5.26}{\376\377\0005\000.\0002\0006\000\040\000t\000o\000r\000r\000e\000.\000h\000p\000p}{chapter.5}% 213
\BOOKMARK [0][-]{section*.46}{\376\377\000\315\000n\000d\000i\000c\000e\000\040\000R\000e\000m\000i\000s\000s\000i\000v\000o}{}% 214
